<?xml version="1.0" encoding="UTF-8"?>
<testsuite name="gr.uoa.madgik.cloudsim.TestHosts" tests="1" skipped="0" failures="0" errors="0" timestamp="2015-07-20T15:04:17" hostname="tchalas-Lenovo-G50-70" time="0.042">
  <properties/>
  <testcase name="testplace" classname="gr.uoa.madgik.cloudsim.TestHosts" time="0.042"/>
  <system-out><![CDATA[host0 is starting...
host1 is starting...
host2 is starting...
host3 is starting...
host4 is starting...
host5 is starting...
host6 is starting...
host7 is starting...
host8 is starting...
host9 is starting...
host10 is starting...
host11 is starting...
host12 is starting...
host13 is starting...
host14 is starting...
host15 is starting...
]]></system-out>
  <system-err><![CDATA[]]></system-err>
</testsuite>
